<?xml version="1.0" encoding="UTF-8" ?>
<testsuite tests="2" failures="0" name="org.apache.commons.math.stat.descriptive.StatisticalSummaryValuesTest" time="0.001" errors="0" skipped="0">
  <properties>
[...]
</properties>
  <testcase classname="org.apache.commons.math.stat.descriptive.StatisticalSummaryValuesTest" name="testEqualsAndHashCode" time="0.001"/>
  <testcase classname="org.apache.commons.math.stat.descriptive.StatisticalSummaryValuesTest" name="testSerialization" time="0"/>
</testsuite>