<?xml version="1.0" encoding="UTF-8" ?>
<testsuite tests="95" failures="0" name="org.apache.commons.math.complex.ComplexTest" time="0.016" errors="0" skipped="0">
  <properties>
[...]
</properties>
  <testcase classname="org.apache.commons.math.complex.ComplexTest" name="testAdd" time="0"/>
  <testcase classname="org.apache.commons.math.complex.ComplexTest" name="testSubtract" time="0"/>
  <testcase classname="org.apache.commons.math.complex.ComplexTest" name="testDivide" time="0.001"/>
  <testcase classname="org.apache.commons.math.complex.ComplexTest" name="testMultiply" time="0"/>
  <testcase classname="org.apache.commons.math.complex.ComplexTest" name="testCosh" time="0"/>
  <testcase classname="org.apache.commons.math.complex.ComplexTest" name="testCoshNaN" time="0"/>
  <testcase classname="org.apache.commons.math.complex.ComplexTest" name="testLog" time="0"/>
  <testcase classname="org.apache.commons.math.complex.ComplexTest" name="testSinh" time="0"/>
  <testcase classname="org.apache.commons.math.complex.ComplexTest" name="testSinhNaN" time="0"/>
  <testcase classname="org.apache.commons.math.complex.ComplexTest" name="testPow" time="0"/>
  <testcase classname="org.apache.commons.math.complex.ComplexTest" name="testConstructorNaN" time="0"/>
  <testcase classname="org.apache.commons.math.complex.ComplexTest" name="testAbs" time="0"/>
  <testcase classname="org.apache.commons.math.complex.ComplexTest" name="testAbsNaN" time="0"/>
  <testcase classname="org.apache.commons.math.complex.ComplexTest" name="testAbsInfinite" time="0"/>
  <testcase classname="org.apache.commons.math.complex.ComplexTest" name="testAddNaN" time="0"/>
  <testcase classname="org.apache.commons.math.complex.ComplexTest" name="testAddInfinite" time="0"/>
  <testcase classname="org.apache.commons.math.complex.ComplexTest" name="testConjugate" time="0"/>
  <testcase classname="org.apache.commons.math.complex.ComplexTest" name="testConjugateNaN" time="0"/>
  <testcase classname="org.apache.commons.math.complex.ComplexTest" name="testConjugateInfiinite" time="0"/>
  <testcase classname="org.apache.commons.math.complex.ComplexTest" name="testDivideInfinite" time="0"/>
  <testcase classname="org.apache.commons.math.complex.ComplexTest" name="testDivideNaN" time="0"/>
  <testcase classname="org.apache.commons.math.complex.ComplexTest" name="testDivideNaNInf" time="0.001"/>
  <testcase classname="org.apache.commons.math.complex.ComplexTest" name="testMultiplyNaN" time="0"/>
  <testcase classname="org.apache.commons.math.complex.ComplexTest" name="testMultiplyNaNInf" time="0"/>
  <testcase classname="org.apache.commons.math.complex.ComplexTest" name="testScalarMultiply" time="0"/>
  <testcase classname="org.apache.commons.math.complex.ComplexTest" name="testScalarMultiplyNaN" time="0"/>
  <testcase classname="org.apache.commons.math.complex.ComplexTest" name="testScalarMultiplyInf" time="0"/>
  <testcase classname="org.apache.commons.math.complex.ComplexTest" name="testNegate" time="0"/>
  <testcase classname="org.apache.commons.math.complex.ComplexTest" name="testNegateNaN" time="0"/>
  <testcase classname="org.apache.commons.math.complex.ComplexTest" name="testSubtractNaN" time="0"/>
  <testcase classname="org.apache.commons.math.complex.ComplexTest" name="testEqualsNull" time="0"/>
  <testcase classname="org.apache.commons.math.complex.ComplexTest" name="testEqualsClass" time="0.001"/>
  <testcase classname="org.apache.commons.math.complex.ComplexTest" name="testEqualsSame" time="0"/>
  <testcase classname="org.apache.commons.math.complex.ComplexTest" name="testEqualsTrue" time="0"/>
  <testcase classname="org.apache.commons.math.complex.ComplexTest" name="testEqualsRealDifference" time="0"/>
  <testcase classname="org.apache.commons.math.complex.ComplexTest" name="testEqualsImaginaryDifference" time="0"/>
  <testcase classname="org.apache.commons.math.complex.ComplexTest" name="testEqualsNaN" time="0"/>
  <testcase classname="org.apache.commons.math.complex.ComplexTest" name="testHashCode" time="0"/>
  <testcase classname="org.apache.commons.math.complex.ComplexTest" name="testAcos" time="0"/>
  <testcase classname="org.apache.commons.math.complex.ComplexTest" name="testAcosInf" time="0"/>
  <testcase classname="org.apache.commons.math.complex.ComplexTest" name="testAcosNaN" time="0"/>
  <testcase classname="org.apache.commons.math.complex.ComplexTest" name="testAsin" time="0"/>
  <testcase classname="org.apache.commons.math.complex.ComplexTest" name="testAsinNaN" time="0"/>
  <testcase classname="org.apache.commons.math.complex.ComplexTest" name="testAsinInf" time="0"/>
  <testcase classname="org.apache.commons.math.complex.ComplexTest" name="testAtan" time="0"/>
  <testcase classname="org.apache.commons.math.complex.ComplexTest" name="testAtanInf" time="0"/>
  <testcase classname="org.apache.commons.math.complex.ComplexTest" name="testAtanNaN" time="0"/>
  <testcase classname="org.apache.commons.math.complex.ComplexTest" name="testCos" time="0"/>
  <testcase classname="org.apache.commons.math.complex.ComplexTest" name="testCosNaN" time="0"/>
  <testcase classname="org.apache.commons.math.complex.ComplexTest" name="testCosInf" time="0"/>
  <testcase classname="org.apache.commons.math.complex.ComplexTest" name="testCoshInf" time="0"/>
  <testcase classname="org.apache.commons.math.complex.ComplexTest" name="testExp" time="0.001"/>
  <testcase classname="org.apache.commons.math.complex.ComplexTest" name="testExpNaN" time="0"/>
  <testcase classname="org.apache.commons.math.complex.ComplexTest" name="testExpInf" time="0"/>
  <testcase classname="org.apache.commons.math.complex.ComplexTest" name="testLogNaN" time="0"/>
  <testcase classname="org.apache.commons.math.complex.ComplexTest" name="testLogInf" time="0"/>
  <testcase classname="org.apache.commons.math.complex.ComplexTest" name="testLogZero" time="0"/>
  <testcase classname="org.apache.commons.math.complex.ComplexTest" name="testPowNaNBase" time="0"/>
  <testcase classname="org.apache.commons.math.complex.ComplexTest" name="testPowNaNExponent" time="0"/>
  <testcase classname="org.apache.commons.math.complex.ComplexTest" name="testPowInf" time="0"/>
  <testcase classname="org.apache.commons.math.complex.ComplexTest" name="testPowZero" time="0"/>
  <testcase classname="org.apache.commons.math.complex.ComplexTest" name="testpowNull" time="0"/>
  <testcase classname="org.apache.commons.math.complex.ComplexTest" name="testSin" time="0"/>
  <testcase classname="org.apache.commons.math.complex.ComplexTest" name="testSinInf" time="0"/>
  <testcase classname="org.apache.commons.math.complex.ComplexTest" name="testSinNaN" time="0"/>
  <testcase classname="org.apache.commons.math.complex.ComplexTest" name="testSinhInf" time="0"/>
  <testcase classname="org.apache.commons.math.complex.ComplexTest" name="testSqrtRealPositive" time="0"/>
  <testcase classname="org.apache.commons.math.complex.ComplexTest" name="testSqrtRealZero" time="0"/>
  <testcase classname="org.apache.commons.math.complex.ComplexTest" name="testSqrtRealNegative" time="0"/>
  <testcase classname="org.apache.commons.math.complex.ComplexTest" name="testSqrtImaginaryZero" time="0"/>
  <testcase classname="org.apache.commons.math.complex.ComplexTest" name="testSqrtImaginaryNegative" time="0"/>
  <testcase classname="org.apache.commons.math.complex.ComplexTest" name="testSqrtPolar" time="0.001"/>
  <testcase classname="org.apache.commons.math.complex.ComplexTest" name="testSqrtNaN" time="0"/>
  <testcase classname="org.apache.commons.math.complex.ComplexTest" name="testSqrtInf" time="0"/>
  <testcase classname="org.apache.commons.math.complex.ComplexTest" name="testSqrt1z" time="0"/>
  <testcase classname="org.apache.commons.math.complex.ComplexTest" name="testSqrt1zNaN" time="0"/>
  <testcase classname="org.apache.commons.math.complex.ComplexTest" name="testTan" time="0"/>
  <testcase classname="org.apache.commons.math.complex.ComplexTest" name="testTanNaN" time="0"/>
  <testcase classname="org.apache.commons.math.complex.ComplexTest" name="testTanInf" time="0"/>
  <testcase classname="org.apache.commons.math.complex.ComplexTest" name="testTanCritical" time="0.001"/>
  <testcase classname="org.apache.commons.math.complex.ComplexTest" name="testTanh" time="0"/>
  <testcase classname="org.apache.commons.math.complex.ComplexTest" name="testTanhNaN" time="0"/>
  <testcase classname="org.apache.commons.math.complex.ComplexTest" name="testTanhInf" time="0"/>
  <testcase classname="org.apache.commons.math.complex.ComplexTest" name="testTanhCritical" time="0"/>
  <testcase classname="org.apache.commons.math.complex.ComplexTest" name="testMath221" time="0"/>
  <testcase classname="org.apache.commons.math.complex.ComplexTest" name="testNthRoot_normal_thirdRoot" time="0"/>
  <testcase classname="org.apache.commons.math.complex.ComplexTest" name="testNthRoot_normal_fourthRoot" time="0"/>
  <testcase classname="org.apache.commons.math.complex.ComplexTest" name="testNthRoot_cornercase_thirdRoot_imaginaryPartEmpty" time="0"/>
  <testcase classname="org.apache.commons.math.complex.ComplexTest" name="testNthRoot_cornercase_thirdRoot_realPartZero" time="0"/>
  <testcase classname="org.apache.commons.math.complex.ComplexTest" name="testNthRoot_cornercase_NAN_Inf" time="0"/>
  <testcase classname="org.apache.commons.math.complex.ComplexTest" name="testGetArgument" time="0.001"/>
  <testcase classname="org.apache.commons.math.complex.ComplexTest" name="testGetArgumentInf" time="0"/>
  <testcase classname="org.apache.commons.math.complex.ComplexTest" name="testGetArgumentNaN" time="0"/>
  <testcase classname="org.apache.commons.math.complex.ComplexTest" name="testConstructor" time="0"/>
  <testcase classname="org.apache.commons.math.complex.ComplexTest" name="testSerial" time="0.004"/>
</testsuite>