<?xml version="1.0" encoding="UTF-8" ?>
<testsuite tests="18" failures="1" name="org.apache.commons.math.estimation.MinpackTest" time="0.631" errors="0" skipped="0">
  <properties>
[...]
</properties>
  <testcase classname="org.apache.commons.math.estimation.MinpackTest" name="testMinpackLinearFullRank" time="0.054"/>
  <testcase classname="org.apache.commons.math.estimation.MinpackTest" name="testMinpackLinearRank1" time="0.004"/>
  <testcase classname="org.apache.commons.math.estimation.MinpackTest" name="testMinpackLinearRank1ZeroColsAndRows" time="0.004"/>
  <testcase classname="org.apache.commons.math.estimation.MinpackTest" name="testMinpackRosenbrok" time="0.001"/>
  <testcase classname="org.apache.commons.math.estimation.MinpackTest" name="testMinpackHelicalValley" time="0.002"/>
  <testcase classname="org.apache.commons.math.estimation.MinpackTest" name="testMinpackPowellSingular" time="0.022"/>
  <testcase classname="org.apache.commons.math.estimation.MinpackTest" name="testMinpackFreudensteinRoth" time="0.001"/>
  <testcase classname="org.apache.commons.math.estimation.MinpackTest" name="testMinpackBard" time="0.005"/>
  <testcase classname="org.apache.commons.math.estimation.MinpackTest" name="testMinpackKowalikOsborne" time="0.031"/>
  <testcase classname="org.apache.commons.math.estimation.MinpackTest" name="testMinpackMeyer" time="0.035">
    <failure message="null" type="junit.framework.AssertionFailedError">junit.framework.AssertionFailedError: null
	at junit.framework.Assert.fail(Assert.java:47)
	at junit.framework.Assert.assertTrue(Assert.java:20)
	at junit.framework.Assert.assertTrue(Assert.java:27)
	at org.apache.commons.math.estimation.MinpackTest.minpackTest(MinpackTest.java:503)
	at org.apache.commons.math.estimation.MinpackTest.testMinpackMeyer(MinpackTest.java:226)
	at java.base/jdk.internal.reflect.NativeMethodAccessorImpl.invoke0(Native Method)
	at java.base/jdk.internal.reflect.NativeMethodAccessorImpl.invoke(NativeMethodAccessorImpl.java:62)
	at java.base/jdk.internal.reflect.DelegatingMethodAccessorImpl.invoke(DelegatingMethodAccessorImpl.java:43)
	at java.base/java.lang.reflect.Method.invoke(Method.java:567)
	at junit.framework.TestCase.runTest(TestCase.java:168)
	at junit.framework.TestCase.runBare(TestCase.java:134)
	at junit.framework.TestResult$1.protect(TestResult.java:110)
	at junit.framework.TestResult.runProtected(TestResult.java:128)
	at junit.framework.TestResult.run(TestResult.java:113)
	at junit.framework.TestCase.run(TestCase.java:124)
	at junit.framework.TestSuite.runTest(TestSuite.java:232)
	at junit.framework.TestSuite.run(TestSuite.java:227)
	at org.junit.internal.runners.JUnit38ClassRunner.run(JUnit38ClassRunner.java:81)
	at org.apache.maven.surefire.junit4.JUnit4TestSet.execute(JUnit4TestSet.java:62)
	at org.apache.maven.surefire.suite.AbstractDirectoryTestSuite.executeTestSet(AbstractDirectoryTestSuite.java:140)
	at org.apache.maven.surefire.suite.AbstractDirectoryTestSuite.execute(AbstractDirectoryTestSuite.java:127)
	at org.apache.maven.surefire.Surefire.run(Surefire.java:177)
	at java.base/jdk.internal.reflect.NativeMethodAccessorImpl.invoke0(Native Method)
	at java.base/jdk.internal.reflect.NativeMethodAccessorImpl.invoke(NativeMethodAccessorImpl.java:62)
	at java.base/jdk.internal.reflect.DelegatingMethodAccessorImpl.invoke(DelegatingMethodAccessorImpl.java:43)
	at java.base/java.lang.reflect.Method.invoke(Method.java:567)
	at org.apache.maven.surefire.booter.SurefireBooter.runSuitesInProcess(SurefireBooter.java:345)
	at org.apache.maven.surefire.booter.SurefireBooter.main(SurefireBooter.java:1009)
</failure>
  </testcase>
  <testcase classname="org.apache.commons.math.estimation.MinpackTest" name="testMinpackWatson" time="0.136"/>
  <testcase classname="org.apache.commons.math.estimation.MinpackTest" name="testMinpackBox3Dimensional" time="0.001"/>
  <testcase classname="org.apache.commons.math.estimation.MinpackTest" name="testMinpackJennrichSampson" time="0"/>
  <testcase classname="org.apache.commons.math.estimation.MinpackTest" name="testMinpackBrownDennis" time="0.059"/>
  <testcase classname="org.apache.commons.math.estimation.MinpackTest" name="testMinpackChebyquad" time="0.004"/>
  <testcase classname="org.apache.commons.math.estimation.MinpackTest" name="testMinpackBrownAlmostLinear" time="0.227"/>
  <testcase classname="org.apache.commons.math.estimation.MinpackTest" name="testMinpackOsborne1" time="0.005"/>
  <testcase classname="org.apache.commons.math.estimation.MinpackTest" name="testMinpackOsborne2" time="0.036"/>
</testsuite>