<?xml version="1.0" encoding="UTF-8" ?>
<testsuite tests="13" failures="1" name="org.apache.commons.math.optimization.linear.SimplexSolverTest" time="0.118" errors="0" skipped="0">
  <properties>
[...]
</properties>
  <testcase classname="org.apache.commons.math.optimization.linear.SimplexSolverTest" name="testMath272" time="0.004"/>
  <testcase classname="org.apache.commons.math.optimization.linear.SimplexSolverTest" name="testMath286" time="0">
    <failure message="expected:&lt;6.9&gt; but was:&lt;4.6000000000000005&gt;" type="java.lang.AssertionError">java.lang.AssertionError: expected:&lt;6.9&gt; but was:&lt;4.6000000000000005&gt;
	at org.junit.Assert.fail(Assert.java:74)
	at org.junit.Assert.failNotEquals(Assert.java:448)
	at org.junit.Assert.assertEquals(Assert.java:315)
	at org.junit.Assert.assertEquals(Assert.java:346)
	at org.apache.commons.math.optimization.linear.SimplexSolverTest.testMath286(SimplexSolverTest.java:58)
	at java.base/jdk.internal.reflect.NativeMethodAccessorImpl.invoke0(Native Method)
	at java.base/jdk.internal.reflect.NativeMethodAccessorImpl.invoke(NativeMethodAccessorImpl.java:62)
	at java.base/jdk.internal.reflect.DelegatingMethodAccessorImpl.invoke(DelegatingMethodAccessorImpl.java:43)
	at java.base/java.lang.reflect.Method.invoke(Method.java:567)
	at org.junit.internal.runners.TestMethod.invoke(TestMethod.java:59)
	at org.junit.internal.runners.MethodRoadie.runTestMethod(MethodRoadie.java:98)
	at org.junit.internal.runners.MethodRoadie$2.run(MethodRoadie.java:79)
	at org.junit.internal.runners.MethodRoadie.runBeforesThenTestThenAfters(MethodRoadie.java:87)
	at org.junit.internal.runners.MethodRoadie.runTest(MethodRoadie.java:77)
	at org.junit.internal.runners.MethodRoadie.run(MethodRoadie.java:42)
	at org.junit.internal.runners.JUnit4ClassRunner.invokeTestMethod(JUnit4ClassRunner.java:88)
	at org.junit.internal.runners.JUnit4ClassRunner.runMethods(JUnit4ClassRunner.java:51)
	at org.junit.internal.runners.JUnit4ClassRunner$1.run(JUnit4ClassRunner.java:44)
	at org.junit.internal.runners.ClassRoadie.runUnprotected(ClassRoadie.java:27)
	at org.junit.internal.runners.ClassRoadie.runProtected(ClassRoadie.java:37)
	at org.junit.internal.runners.JUnit4ClassRunner.run(JUnit4ClassRunner.java:42)
	at org.apache.maven.surefire.junit4.JUnit4TestSet.execute(JUnit4TestSet.java:62)
	at org.apache.maven.surefire.suite.AbstractDirectoryTestSuite.executeTestSet(AbstractDirectoryTestSuite.java:140)
	at org.apache.maven.surefire.suite.AbstractDirectoryTestSuite.execute(AbstractDirectoryTestSuite.java:127)
	at org.apache.maven.surefire.Surefire.run(Surefire.java:177)
	at java.base/jdk.internal.reflect.NativeMethodAccessorImpl.invoke0(Native Method)
	at java.base/jdk.internal.reflect.NativeMethodAccessorImpl.invoke(NativeMethodAccessorImpl.java:62)
	at java.base/jdk.internal.reflect.DelegatingMethodAccessorImpl.invoke(DelegatingMethodAccessorImpl.java:43)
	at java.base/java.lang.reflect.Method.invoke(Method.java:567)
	at org.apache.maven.surefire.booter.SurefireBooter.runSuitesInProcess(SurefireBooter.java:345)
	at org.apache.maven.surefire.booter.SurefireBooter.main(SurefireBooter.java:1009)
</failure>
  </testcase>
  <testcase classname="org.apache.commons.math.optimization.linear.SimplexSolverTest" name="testSimplexSolver" time="0.001"/>
  <testcase classname="org.apache.commons.math.optimization.linear.SimplexSolverTest" name="testSingleVariableAndConstraint" time="0"/>
  <testcase classname="org.apache.commons.math.optimization.linear.SimplexSolverTest" name="testModelWithNoArtificialVars" time="0"/>
  <testcase classname="org.apache.commons.math.optimization.linear.SimplexSolverTest" name="testMinimization" time="0"/>
  <testcase classname="org.apache.commons.math.optimization.linear.SimplexSolverTest" name="testSolutionWithNegativeDecisionVariable" time="0.001"/>
  <testcase classname="org.apache.commons.math.optimization.linear.SimplexSolverTest" name="testInfeasibleSolution" time="0.001"/>
  <testcase classname="org.apache.commons.math.optimization.linear.SimplexSolverTest" name="testUnboundedSolution" time="0"/>
  <testcase classname="org.apache.commons.math.optimization.linear.SimplexSolverTest" name="testRestrictVariablesToNonNegative" time="0"/>
  <testcase classname="org.apache.commons.math.optimization.linear.SimplexSolverTest" name="testEpsilon" time="0"/>
  <testcase classname="org.apache.commons.math.optimization.linear.SimplexSolverTest" name="testTrivialModel" time="0"/>
  <testcase classname="org.apache.commons.math.optimization.linear.SimplexSolverTest" name="testLargeModel" time="0.107"/>
</testsuite>